<?xml version="1.0" encoding="UTF-8"?>
<testsuite name="SimpleBankSystemTest" tests="1" skipped="0" failures="0" errors="0" timestamp="2020-09-01T13:35:29" hostname="acerAspire" time="0.903">
  <properties/>
  <testcase name="start" classname="SimpleBankSystemTest" time="0.903"/>
  <system-out><![CDATA[?[1;31m
Start test 1?[0m
1. Create an account
2. Log into account
0. Exit
> 0

Bye!
?[1;31m
Start test 2?[0m
1. Create an account
2. Log into account
0. Exit
> 0

Bye!
?[1;31m
Start test 3?[0m
1. Create an account
2. Log into account
0. Exit
> 0

Bye!
?[1;31m
Start test 4?[0m
1. Create an account
2. Log into account
0. Exit
> 0

Bye!
?[1;31m
Start test 5?[0m
1. Create an account
2. Log into account
0. Exit
> 1

Your card has been created
Your card number:
4000002998691461
Your card PIN:
2151

1. Create an account
2. Log into account
0. Exit
> 1

Your card has been created
Your card number:
4000001471056002
Your card PIN:
5455

1. Create an account
2. Log into account
0. Exit
> 1

Your card has been created
Your card number:
4000007412995588
Your card PIN:
1808

1. Create an account
2. Log into account
0. Exit
> 1

Your card has been created
Your card number:
4000002458557962
Your card PIN:
1579

1. Create an account
2. Log into account
0. Exit
> 0

Bye!
?[1;31m
Start test 6?[0m
1. Create an account
2. Log into account
0. Exit
> 1

Your card has been created
Your card number:
4000009757694933
Your card PIN:
6824

1. Create an account
2. Log into account
0. Exit
> 2

Enter your card number:
> 4000009757694933
Enter your PIN:
> 6824

You have successfully logged in!

1. Balance
2. Add income
3. Do transfer
4. Close account
5. Log out 
0. Exit
> 0

Bye!
?[1;31m
Start test 7?[0m
1. Create an account
2. Log into account
0. Exit
> 1

Your card has been created
Your card number:
4000005839282960
Your card PIN:
7640

1. Create an account
2. Log into account
0. Exit
> 2

Enter your card number:
> 4000005839282960
Enter your PIN:
> 7340

Wrong card number or PIN!

1. Create an account
2. Log into account
0. Exit
> 0

Bye!
?[1;31m
Start test 8?[0m
1. Create an account
2. Log into account
0. Exit
> 1

Your card has been created
Your card number:
4000006834131996
Your card PIN:
6665

1. Create an account
2. Log into account
0. Exit
> 2

Enter your card number:
> 400000665613091
Enter your PIN:
> 6665

Wrong card number or PIN!

1. Create an account
2. Log into account
0. Exit
> 0

Bye!
?[1;31m
Start test 9?[0m
1. Create an account
2. Log into account
0. Exit
> 1

Your card has been created
Your card number:
4000007033046142
Your card PIN:
0847

1. Create an account
2. Log into account
0. Exit
> 2

Enter your card number:
> 4000007033046142
Enter your PIN:
> 0847

You have successfully logged in!

1. Balance
2. Add income
3. Do transfer
4. Close account
5. Log out 
0. Exit
> 1

Balance: 0

1. Balance
2. Add income
3. Do transfer
4. Close account
5. Log out 
0. Exit
> 0

Bye!
?[1;31m
Start test 10?[0m
1. Create an account
2. Log into account
0. Exit
> 1

Your card has been created
Your card number:
4000001882125388
Your card PIN:
0626

1. Create an account
2. Log into account
0. Exit
> 2

Enter your card number:
> 4000001882125388
Enter your PIN:
> 0626

You have successfully logged in!

1. Balance
2. Add income
3. Do transfer
4. Close account
5. Log out 
0. Exit
> 2

 Enter income:
> 10000
Success!

Income was added!
1. Balance
2. Add income
3. Do transfer
4. Close account
5. Log out 
0. Exit
> 2

 Enter income:
> 15000
Success!

Income was added!
1. Balance
2. Add income
3. Do transfer
4. Close account
5. Log out 
0. Exit
> 0

Bye!
?[1;31m
Start test 11?[0m
1. Create an account
2. Log into account
0. Exit
> 1

Your card has been created
Your card number:
4000005278883567
Your card PIN:
4279

1. Create an account
2. Log into account
0. Exit
> 2

Enter your card number:
> 4000005278883567
Enter your PIN:
> 4279

You have successfully logged in!

1. Balance
2. Add income
3. Do transfer
4. Close account
5. Log out 
0. Exit
> 4
The account has been closed!
1. Create an account
2. Log into account
0. Exit
> 0

Bye!
]]></system-out>
  <system-err><![CDATA[]]></system-err>
</testsuite>
